<?xml version="1.0" encoding="UTF-8"?>
<!-- Generated by org.testng.reporters.JUnitReportReporter -->
<testsuite hostname="hp" name="org.qa.adactin.testcases.SearchHotelPage" tests="1" failures="0" timestamp="15 Apr 2018 07:34:54 GMT" time="1.471" errors="0">
  <testcase name="hotelSearch" time="1.471" classname="org.qa.adactin.testcases.SearchHotelPage"/>
</testsuite> <!-- org.qa.adactin.testcases.SearchHotelPage -->
