<?xml version="1.0" encoding="UTF-8"?>
<!-- Generated by org.testng.reporters.JUnitReportReporter -->
<testsuite hostname="hp" name="org.qa.adactin.testcases.LoginPage" tests="1" failures="0" timestamp="15 Apr 2018 07:33:12 GMT" time="0.864" errors="0">
  <testcase name="LoginPageTest" time="0.864" classname="org.qa.adactin.testcases.LoginPage"/>
</testsuite> <!-- org.qa.adactin.testcases.LoginPage -->
