<?xml version="1.0" encoding="UTF-8"?>
<!-- Generated by org.testng.reporters.JUnitReportReporter -->
<testsuite name="org.qa.adactin.testcases.LoginPage" tests="1" time="0.309" ignored="0" failures="0" timestamp="13 Apr 2018 10:04:45 GMT" skipped="0" hostname="hp" errors="0">
  <testcase name="LoginPageTest" time="0.309" classname="org.qa.adactin.testcases.LoginPage"/>
</testsuite> <!-- org.qa.adactin.testcases.LoginPage -->
